<?xml version="1.0" encoding="UTF-8"?>
<!-- Generated by org.testng.reporters.JUnitReportReporter -->
<testsuite hostname="INLEN8520040049" failures="0" tests="1" name="runners.MyRunner" time="39.225" errors="0" timestamp="2022-07-08T13:14:31 IST" skipped="0">
  <testcase classname="runners.MyRunner" name="runScenario" time="39.225"/>
  <system-out/>
</testsuite> <!-- runners.MyRunner -->
